2024-02-17T05:44:52.857Z | ERROR  | [Invalid Route] /manifest.json
2024-02-17T05:45:18.448Z | ERROR  | [Invalid Route] /manifest.json
2024-02-17T05:45:22.191Z | ERROR  | URL : /api/users/v1/login | staus : 401 | message: Invalid email Id or Password ! Error: Invalid email Id or Password !
    at exports.userLogin (D:\splitbills\server\components\user.js:70:17)
    at processTicksAndRejections (node:internal/process/task_queues:96:5)
2024-02-17T05:46:26.823Z | ERROR  | URL : /api/users/v1/register | staus : 400 | message: Email validation fail!!
2024-02-17T05:46:48.673Z | ERROR  | [Invalid Route] /manifest.json
2024-02-17T05:47:04.359Z | ERROR  | [Invalid Route] /manifest.json
2024-02-17T05:47:07.446Z | ERROR  | [Invalid Route] /manifest.json
2024-02-17T05:47:09.412Z | ERROR  | [Invalid Route] /manifest.json
2024-02-17T05:47:10.680Z | ERROR  | [Invalid Route] /manifest.json
2024-02-17T05:47:14.838Z | ERROR  | [Invalid Route] /manifest.json
2024-02-17T05:47:23.157Z | ERROR  | [Invalid Route] /manifest.json
2024-02-20T05:18:11.700Z | ERROR  | [Invalid Route] /manifest.json
2024-02-20T05:23:06.181Z | ERROR  | [Invalid Route] /manifest.json
2024-02-20T05:28:44.194Z | ERROR  | [Invalid Route] /manifest.json
2024-02-20T05:28:52.187Z | ERROR  | [Invalid Route] /manifest.json
2024-02-20T05:30:03.739Z | ERROR  | [Invalid Route] /manifest.json
2024-02-20T05:30:18.336Z | ERROR  | [Invalid Route] /manifest.json
2024-02-20T05:30:41.767Z | ERROR  | [Invalid Route] /manifest.json
2024-02-20T05:32:34.172Z | ERROR  | [Invalid Route] /manifest.json
2024-02-20T05:32:38.209Z | ERROR  | [Invalid Route] /manifest.json
2024-02-20T05:33:00.581Z | ERROR  | [Invalid Route] /manifest.json
2024-02-20T05:34:21.876Z | ERROR  | [Invalid Route] /manifest.json
2024-02-20T05:34:44.336Z | ERROR  | [Invalid Route] /manifest.json
2024-02-20T05:50:47.849Z | ERROR  | [Invalid Route] /manifest.json
2024-02-20T05:51:05.583Z | ERROR  | [Invalid Route] /manifest.json
2024-02-20T05:58:08.816Z | ERROR  | [Invalid Route] /manifest.json
2024-02-20T05:58:18.540Z | ERROR  | [Invalid Route] /manifest.json
2024-02-20T05:58:20.504Z | ERROR  | [Invalid Route] /manifest.json
2024-03-08T05:04:27.403Z | ERROR  | [Invalid Route] /manifest.json
2024-03-08T05:05:16.285Z | ERROR  | URL : /api/users/v1/register | staus : 400 | message: Email Id already present please login!
2024-03-08T05:05:40.146Z | ERROR  | [Invalid Route] /manifest.json
2024-03-08T05:05:46.043Z | ERROR  | [Invalid Route] /manifest.json
2024-03-08T05:06:06.210Z | ERROR  | [Invalid Route] /manifest.json
2024-03-08T05:06:28.717Z | ERROR  | [Invalid Route] /manifest.json
2024-03-08T05:06:50.538Z | ERROR  | [Invalid Route] /manifest.json
2024-03-08T05:07:00.788Z | ERROR  | [Invalid Route] /manifest.json
2024-03-08T05:07:12.531Z | ERROR  | [Invalid Route] /manifest.json
2024-03-08T05:07:23.629Z | ERROR  | [Invalid Route] /manifest.json
2024-03-08T05:07:28.719Z | ERROR  | [Invalid Route] /manifest.json
2024-03-08T05:07:43.973Z | ERROR  | [Invalid Route] /manifest.json
2024-03-08T05:08:29.207Z | ERROR  | [Invalid Route] /manifest.json
2024-03-08T05:08:36.463Z | ERROR  | URL : /api/users/v1/register | staus : 400 | message: Email Id already present please login!
2024-03-08T05:09:13.501Z | ERROR  | [Invalid Route] /manifest.json
2024-03-08T05:09:25.285Z | ERROR  | [Invalid Route] /manifest.json
2024-03-08T05:31:26.493Z | ERROR  | [Invalid Route] /manifest.json
2024-03-08T05:31:27.129Z | ERROR  | [Invalid Route] /manifest.json
2024-03-08T05:31:28.938Z | ERROR  | [Invalid Route] /manifest.json
2024-03-08T05:31:37.105Z | ERROR  | [Invalid Route] /manifest.json
2024-03-08T05:46:00.976Z | ERROR  | [Invalid Route] /manifest.json
2024-03-08T05:46:16.508Z | ERROR  | [Invalid Route] /manifest.json
2024-03-08T05:46:40.665Z | ERROR  | [Invalid Route] /manifest.json
2024-03-08T06:10:43.983Z | ERROR  | [Invalid Route] /manifest.json
2024-03-08T06:10:55.461Z | ERROR  | [Invalid Route] /manifest.json
2024-03-08T06:11:05.000Z | ERROR  | [Invalid Route] /manifest.json
2024-03-08T06:11:12.984Z | ERROR  | [Invalid Route] /manifest.json
2024-03-08T06:11:48.630Z | ERROR  | [Invalid Route] /manifest.json
2024-03-08T06:18:41.325Z | ERROR  | [Invalid Route] /manifest.json
2024-03-08T06:18:47.356Z | ERROR  | [Invalid Route] /manifest.json
2024-03-09T20:11:53.926Z | ERROR  | [Invalid Route] /manifest.json
